  stdafx.cpp
  getMyoEmg.cpp
e:\google drive\phd work ah\myo\myo-sdk-win-0.9.0\include\myo\cxx\impl\../detail/ThrowOnError.hpp(39): warning C4297: 'myo::ThrowOnError::~ThrowOnError': function assumed not to throw an exception but does
  e:\google drive\phd work ah\myo\myo-sdk-win-0.9.0\include\myo\cxx\impl\../detail/ThrowOnError.hpp(39): note: destructor or deallocator has a (possibly implicit) non-throwing exception specification
e:\google drive\phd work ah\myo\myo-sdk-win-0.9.0\include\myo\cxx\impl\../detail/ThrowOnError.hpp(45): warning C4297: 'myo::ThrowOnError::~ThrowOnError': function assumed not to throw an exception but does
  e:\google drive\phd work ah\myo\myo-sdk-win-0.9.0\include\myo\cxx\impl\../detail/ThrowOnError.hpp(45): note: destructor or deallocator has a (possibly implicit) non-throwing exception specification
getMyoEmg.cpp(57): warning C4996: 'fopen': This function or variable may be unsafe. Consider using fopen_s instead. To disable deprecation, use _CRT_SECURE_NO_WARNINGS. See online help for details.
  C:\Program Files (x86)\Windows Kits\10\Include\10.0.10240.0\ucrt\stdio.h(205): note: see declaration of 'fopen'
getMyoEmg.cpp(76): warning C4996: 'fopen': This function or variable may be unsafe. Consider using fopen_s instead. To disable deprecation, use _CRT_SECURE_NO_WARNINGS. See online help for details.
  C:\Program Files (x86)\Windows Kits\10\Include\10.0.10240.0\ucrt\stdio.h(205): note: see declaration of 'fopen'
getMyoEmg.cpp(95): warning C4996: 'fopen': This function or variable may be unsafe. Consider using fopen_s instead. To disable deprecation, use _CRT_SECURE_NO_WARNINGS. See online help for details.
  C:\Program Files (x86)\Windows Kits\10\Include\10.0.10240.0\ucrt\stdio.h(205): note: see declaration of 'fopen'
getMyoEmg.cpp(116): warning C4996: 'fopen': This function or variable may be unsafe. Consider using fopen_s instead. To disable deprecation, use _CRT_SECURE_NO_WARNINGS. See online help for details.
  C:\Program Files (x86)\Windows Kits\10\Include\10.0.10240.0\ucrt\stdio.h(205): note: see declaration of 'fopen'
getMyoEmg.cpp(121): warning C4996: 'fopen': This function or variable may be unsafe. Consider using fopen_s instead. To disable deprecation, use _CRT_SECURE_NO_WARNINGS. See online help for details.
  C:\Program Files (x86)\Windows Kits\10\Include\10.0.10240.0\ucrt\stdio.h(205): note: see declaration of 'fopen'
getMyoEmg.cpp(126): warning C4996: 'fopen': This function or variable may be unsafe. Consider using fopen_s instead. To disable deprecation, use _CRT_SECURE_NO_WARNINGS. See online help for details.
  C:\Program Files (x86)\Windows Kits\10\Include\10.0.10240.0\ucrt\stdio.h(205): note: see declaration of 'fopen'
  Generating code
  All 468 functions were compiled because no usable IPDB/IOBJ from previous compilation was found.
  Finished generating code
  getMyoEmg.vcxproj -> E:\workCloud\GithubRepos\Myo-MATLAB-Interface-EMG-GYRO-ACCEL\getEmg_cpp\getMyoEmg\Release\getMyoEmg.exe
